# JRE version: OpenJDK Runtime Environment (11.0.10) (build 11.0.10+0-b96-7249189)
# Java VM: OpenJDK 64-Bit Server VM (11.0.10+0-b96-7249189, mixed mode, tiered, compressed oops, g1 gc, windows-amd64)
Heap:
 garbage-first heap   total 524288K, used 300998K [0x0000000080000000, 0x0000000100000000)
  region size 1024K, 6 young (6144K), 6 survivors (6144K)
 Metaspace       used 138567K, capacity 142360K, committed 142576K, reserved 1173504K
  class space    used 17433K, capacity 18841K, committed 18892K, reserved 1048576K
GC Heap History (20 events):
Event: 73.927 GC heap after
{Heap after GC invocations=47 (full 0):
 garbage-first heap   total 275456K, used 215040K [0x0000000080000000, 0x0000000100000000)
  region size 1024K, 4 young (4096K), 4 survivors (4096K)
 Metaspace       used 137598K, capacity 141297K, committed 141552K, reserved 1171456K
  class space    used 17356K, capacity 18737K, committed 18892K, reserved 1048576K
}
Event: 73.957 GC heap before
{Heap before GC invocations=47 (full 0):
 garbage-first heap   total 275456K, used 230400K [0x0000000080000000, 0x0000000100000000)
  region size 1024K, 19 young (19456K), 4 survivors (4096K)
 Metaspace       used 137601K, capacity 141297K, committed 141552K, reserved 1171456K
  class space    used 17356K, capacity 18737K, committed 18892K, reserved 1048576K
}
Event: 73.969 GC heap after
{Heap after GC invocations=48 (full 0):
 garbage-first heap   total 275456K, used 224614K [0x0000000080000000, 0x0000000100000000)
  region size 1024K, 3 young (3072K), 3 survivors (3072K)
 Metaspace       used 137601K, capacity 141297K, committed 141552K, reserved 1171456K
  class space    used 17356K, capacity 18737K, committed 18892K, reserved 1048576K
}
Event: 73.991 GC heap before
{Heap before GC invocations=48 (full 0):
 garbage-first heap   total 275456K, used 234854K [0x0000000080000000, 0x0000000100000000)
  region size 1024K, 13 young (13312K), 3 survivors (3072K)
 Metaspace       used 137604K, capacity 141297K, committed 141552K, reserved 1171456K
  class space    used 17357K, capacity 18737K, committed 18892K, reserved 1048576K
}
Event: 74.001 GC heap after
{Heap after GC invocations=49 (full 0):
 garbage-first heap   total 336896K, used 230660K [0x0000000080000000, 0x0000000100000000)
  region size 1024K, 2 young (2048K), 2 survivors (2048K)
 Metaspace       used 137604K, capacity 141297K, committed 141552K, reserved 1171456K
  class space    used 17357K, capacity 18737K, committed 18892K, reserved 1048576K
}
Event: 74.221 GC heap before
{Heap before GC invocations=49 (full 0):
 garbage-first heap   total 336896K, used 257284K [0x0000000080000000, 0x0000000100000000)
  region size 1024K, 29 young (29696K), 2 survivors (2048K)
 Metaspace       used 137845K, capacity 141569K, committed 141808K, reserved 1173504K
  class space    used 17392K, capacity 18780K, committed 18892K, reserved 1048576K
}
Event: 74.231 GC heap after
{Heap after GC invocations=50 (full 0):
 garbage-first heap   total 336896K, used 238771K [0x0000000080000000, 0x0000000100000000)
  region size 1024K, 4 young (4096K), 4 survivors (4096K)
 Metaspace       used 137845K, capacity 141569K, committed 141808K, reserved 1173504K
  class space    used 17392K, capacity 18780K, committed 18892K, reserved 1048576K
}
Event: 74.488 GC heap before
{Heap before GC invocations=51 (full 0):
 garbage-first heap   total 336896K, used 265395K [0x0000000080000000, 0x0000000100000000)
  region size 1024K, 30 young (30720K), 4 survivors (4096K)
 Metaspace       used 137928K, capacity 141638K, committed 142064K, reserved 1173504K
  class space    used 17390K, capacity 18770K, committed 18892K, reserved 1048576K
}
Event: 74.498 GC heap after
{Heap after GC invocations=52 (full 0):
 garbage-first heap   total 336896K, used 242965K [0x0000000080000000, 0x0000000100000000)
  region size 1024K, 4 young (4096K), 4 survivors (4096K)
 Metaspace       used 137928K, capacity 141638K, committed 142064K, reserved 1173504K
  class space    used 17390K, capacity 18770K, committed 18892K, reserved 1048576K
}
Event: 74.581 GC heap before
{Heap before GC invocations=52 (full 0):
 garbage-first heap   total 336896K, used 255253K [0x0000000080000000, 0x0000000100000000)
  region size 1024K, 16 young (16384K), 4 survivors (4096K)
 Metaspace       used 138008K, capacity 141761K, committed 142064K, reserved 1173504K
  class space    used 17393K, capacity 18806K, committed 18892K, reserved 1048576K
}
Event: 74.589 GC heap after
{Heap after GC invocations=53 (full 0):
 garbage-first heap   total 336896K, used 242198K [0x0000000080000000, 0x0000000100000000)
  region size 1024K, 2 young (2048K), 2 survivors (2048K)
 Metaspace       used 138008K, capacity 141761K, committed 142064K, reserved 1173504K
  class space    used 17393K, capacity 18806K, committed 18892K, reserved 1048576K
}
Event: 74.822 GC heap before
{Heap before GC invocations=53 (full 0):
 garbage-first heap   total 336896K, used 271894K [0x0000000080000000, 0x0000000100000000)
  region size 1024K, 29 young (29696K), 2 survivors (2048K)
 Metaspace       used 138029K, capacity 141761K, committed 142064K, reserved 1173504K
  class space    used 17393K, capacity 18806K, committed 18892K, reserved 1048576K
}
Event: 74.831 GC heap after
{Heap after GC invocations=54 (full 0):
 garbage-first heap   total 406528K, used 246387K [0x0000000080000000, 0x0000000100000000)
  region size 1024K, 4 young (4096K), 4 survivors (4096K)
 Metaspace       used 138029K, capacity 141761K, committed 142064K, reserved 1173504K
  class space    used 17393K, capacity 18806K, committed 18892K, reserved 1048576K
}
Event: 75.572 GC heap before
{Heap before GC invocations=54 (full 0):
 garbage-first heap   total 406528K, used 312947K [0x0000000080000000, 0x0000000100000000)
  region size 1024K, 54 young (55296K), 4 survivors (4096K)
 Metaspace       used 138172K, capacity 141969K, committed 142320K, reserved 1173504K
  class space    used 17395K, capacity 18808K, committed 18892K, reserved 1048576K
}
Event: 75.584 GC heap after
{Heap after GC invocations=55 (full 0):
 garbage-first heap   total 406528K, used 266619K [0x0000000080000000, 0x0000000100000000)
  region size 1024K, 7 young (7168K), 7 survivors (7168K)
 Metaspace       used 138172K, capacity 141969K, committed 142320K, reserved 1173504K
  class space    used 17395K, capacity 18808K, committed 18892K, reserved 1048576K
}
Event: 75.911 GC heap before
{Heap before GC invocations=55 (full 0):
 garbage-first heap   total 406528K, used 320891K [0x0000000080000000, 0x0000000100000000)
  region size 1024K, 54 young (55296K), 7 survivors (7168K)
 Metaspace       used 138432K, capacity 142174K, committed 142320K, reserved 1173504K
  class space    used 17422K, capacity 18809K, committed 18892K, reserved 1048576K
}
Event: 75.930 GC heap after
{Heap after GC invocations=56 (full 0):
 garbage-first heap   total 406528K, used 280771K [0x0000000080000000, 0x0000000100000000)
  region size 1024K, 7 young (7168K), 7 survivors (7168K)
 Metaspace       used 138432K, capacity 142174K, committed 142320K, reserved 1173504K
  class space    used 17422K, capacity 18809K, committed 18892K, reserved 1048576K
}
Event: 75.954 GC heap before
{Heap before GC invocations=56 (full 0):
 garbage-first heap   total 406528K, used 298179K [0x0000000080000000, 0x0000000100000000)
  region size 1024K, 25 young (25600K), 7 survivors (7168K)
 Metaspace       used 138433K, capacity 142174K, committed 142320K, reserved 1173504K
  class space    used 17422K, capacity 18809K, committed 18892K, reserved 1048576K
}
Event: 75.962 GC heap after
{Heap after GC invocations=57 (full 0):
 garbage-first heap   total 406528K, used 284903K [0x0000000080000000, 0x0000000100000000)
  region size 1024K, 4 young (4096K), 4 survivors (4096K)
 Metaspace       used 138433K, capacity 142174K, committed 142320K, reserved 1173504K
  class space    used 17422K, capacity 18809K, committed 18892K, reserved 1048576K
}
Event: 76.139 GC heap before
{Heap before GC invocations=57 (full 0):
 garbage-first heap   total 406528K, used 332007K [0x0000000080000000, 0x0000000100000000)
  region size 1024K, 41 young (41984K), 4 survivors (4096K)
 Metaspace       used 138567K, capacity 142360K, committed 142576K, reserved 1173504K
  class space    used 17433K, capacity 18841K, committed 18892K, reserved 1048576K
}

